TN:
SF:src\application.ts
FN:26,(anonymous_0)
FNF:1
FNH:0
FNDA:0,(anonymous_0)
DA:1,1
DA:2,1
DA:6,1
DA:8,1
DA:9,1
DA:10,1
DA:14,1
DA:15,1
DA:16,1
DA:17,1
DA:18,1
DA:19,1
DA:23,1
DA:27,0
DA:30,0
DA:33,0
DA:36,0
DA:39,0
DA:41,0
DA:43,0
DA:44,0
DA:45,0
DA:46,0
DA:47,0
DA:48,0
DA:51,0
LF:26
LH:13
BRDA:26,0,0,0
BRF:1
BRH:0
end_of_record
TN:
SF:src\index.ts
FN:5,main
FN:35,(anonymous_1)
FNF:2
FNH:0
FNDA:0,main
FNDA:0,(anonymous_1)
DA:1,1
DA:3,1
DA:5,1
DA:6,0
DA:7,0
DA:8,0
DA:10,0
DA:11,0
DA:12,0
DA:14,0
DA:17,1
DA:19,0
DA:35,0
DA:36,0
DA:37,0
LF:15
LH:4
BRDA:5,0,0,0
BRDA:17,1,0,0
BRDA:17,1,1,1
BRDA:21,2,0,0
BRDA:21,2,1,0
BRDA:21,3,0,0
BRDA:21,3,1,0
BRF:7
BRH:1
end_of_record
TN:
SF:src\sequence.ts
FNF:0
FNH:0
DA:1,1
DA:3,1
LF:2
LH:2
BRF:0
BRH:0
end_of_record
TN:
SF:src\controllers\actor-movie.controller.ts
FN:8,(anonymous_0)
FN:25,(anonymous_1)
FNF:2
FNH:0
FNDA:0,(anonymous_0)
FNDA:0,(anonymous_1)
DA:1,1
DA:2,1
DA:3,1
DA:4,1
DA:7,1
DA:9,0
DA:25,1
DA:29,0
DA:30,0
DA:32,0
DA:38,0
LF:11
LH:6
BRF:0
BRH:0
end_of_record
TN:
SF:src\controllers\actor.controller.ts
FN:18,(anonymous_0)
FN:31,(anonymous_1)
FN:79,(anonymous_2)
FN:106,(anonymous_3)
FN:127,(anonymous_4)
FN:155,(anonymous_5)
FN:185,(anonymous_6)
FNF:7
FNH:0
FNDA:0,(anonymous_0)
FNDA:0,(anonymous_1)
FNDA:0,(anonymous_2)
FNDA:0,(anonymous_3)
FNDA:0,(anonymous_4)
FNDA:0,(anonymous_5)
FNDA:0,(anonymous_6)
DA:1,1
DA:2,1
DA:3,1
DA:13,1
DA:14,1
DA:17,1
DA:19,0
DA:21,0
DA:31,1
DA:44,0
DA:45,0
DA:46,0
DA:47,0
DA:48,0
DA:49,0
DA:51,0
DA:53,0
DA:54,0
DA:56,0
DA:62,0
DA:79,1
DA:82,0
DA:83,0
DA:87,0
DA:89,0
DA:106,1
DA:110,0
DA:111,0
DA:114,0
DA:127,1
DA:132,0
DA:133,0
DA:135,0
DA:141,0
DA:155,1
DA:166,0
DA:167,0
DA:169,0
DA:175,0
DA:185,1
DA:188,0
DA:189,0
DA:190,0
DA:191,0
DA:193,0
DA:195,0
DA:201,0
LF:47
LH:12
BRDA:45,0,0,0
BRDA:45,0,1,0
BRDA:46,1,0,0
BRDA:46,1,1,0
BRDA:47,2,0,0
BRDA:47,2,1,0
BRDA:48,3,0,0
BRDA:48,3,1,0
BRDA:49,4,0,0
BRDA:49,4,1,0
BRDA:53,5,0,0
BRDA:53,5,1,0
BRDA:190,6,0,0
BRDA:190,6,1,0
BRF:14
BRH:0
end_of_record
TN:
SF:src\controllers\index.ts
FNF:0
FNH:0
DA:1,1
DA:2,1
DA:3,1
DA:4,1
DA:5,1
DA:6,1
DA:7,1
LF:7
LH:7
BRF:0
BRH:0
end_of_record
TN:
SF:src\controllers\movie-actor.controller.ts
FN:9,(anonymous_0)
FN:28,(anonymous_1)
FN:49,(anonymous_2)
FN:69,(anonymous_3)
FN:73,(anonymous_4)
FNF:5
FNH:0
FNDA:0,(anonymous_0)
FNDA:0,(anonymous_1)
FNDA:0,(anonymous_2)
FNDA:0,(anonymous_3)
FNDA:0,(anonymous_4)
DA:1,1
DA:2,1
DA:3,1
DA:4,1
DA:5,1
DA:8,1
DA:10,0
DA:12,0
DA:28,1
DA:32,0
DA:49,1
DA:65,0
DA:66,0
DA:68,0
DA:69,0
DA:72,0
DA:73,0
DA:76,0
DA:82,0
LF:19
LH:8
BRF:0
BRH:0
end_of_record
TN:
SF:src\controllers\movie.controller.ts
FN:18,(anonymous_0)
FN:30,(anonymous_1)
FN:72,(anonymous_2)
FN:103,(anonymous_3)
FN:123,(anonymous_4)
FN:147,(anonymous_5)
FN:179,(anonymous_6)
FN:207,(anonymous_7)
FNF:8
FNH:0
FNDA:0,(anonymous_0)
FNDA:0,(anonymous_1)
FNDA:0,(anonymous_2)
FNDA:0,(anonymous_3)
FNDA:0,(anonymous_4)
FNDA:0,(anonymous_5)
FNDA:0,(anonymous_6)
FNDA:0,(anonymous_7)
DA:1,1
DA:2,1
DA:3,1
DA:13,1
DA:14,1
DA:15,1
DA:17,1
DA:20,0
DA:30,1
DA:43,0
DA:44,0
DA:45,0
DA:47,0
DA:48,0
DA:50,0
DA:56,0
DA:72,1
DA:73,0
DA:74,0
DA:78,0
DA:80,0
DA:86,0
DA:103,1
DA:106,0
DA:107,0
DA:110,0
DA:123,1
DA:124,0
DA:125,0
DA:128,0
DA:134,0
DA:147,1
DA:159,0
DA:160,0
DA:162,0
DA:164,0
DA:170,0
DA:179,1
DA:182,0
DA:183,0
DA:184,0
DA:190,0
DA:207,1
DA:211,0
DA:212,0
DA:213,0
DA:215,0
DA:221,0
LF:48
LH:14
BRDA:48,0,0,0
BRDA:48,0,1,0
BRDA:78,1,0,0
BRDA:78,1,1,0
BRDA:160,2,0,0
BRDA:160,2,1,0
BRDA:213,3,0,0
BRDA:213,3,1,0
BRF:8
BRH:0
end_of_record
TN:
SF:src\controllers\review-user.controller.ts
FN:8,(anonymous_0)
FN:26,(anonymous_1)
FNF:2
FNH:0
FNDA:0,(anonymous_0)
FNDA:0,(anonymous_1)
DA:1,1
DA:2,1
DA:3,1
DA:4,1
DA:7,1
DA:10,0
DA:26,1
DA:29,0
DA:30,0
DA:31,0
DA:37,0
LF:11
LH:6
BRF:0
BRH:0
end_of_record
TN:
SF:src\controllers\review.controller.ts
FN:16,(anonymous_0)
FN:27,(anonymous_1)
FN:60,(anonymous_2)
FNF:3
FNH:2
FNDA:1,(anonymous_0)
FNDA:1,(anonymous_1)
FNDA:0,(anonymous_2)
DA:1,1
DA:2,1
DA:10,1
DA:11,1
DA:12,1
DA:15,1
DA:18,1
DA:27,1
DA:40,1
DA:41,1
DA:42,1
DA:43,1
DA:45,1
DA:51,0
DA:60,1
DA:71,0
DA:72,0
DA:73,0
DA:79,0
LF:19
LH:14
BRF:0
BRH:0
end_of_record
TN:
SF:src\controllers\user.controller.ts
FN:61,(anonymous_0)
FN:87,(anonymous_1)
FN:161,(anonymous_2)
FN:202,(anonymous_3)
FN:227,(anonymous_4)
FN:248,(anonymous_5)
FN:277,(anonymous_6)
FNF:7
FNH:0
FNDA:0,(anonymous_0)
FNDA:0,(anonymous_1)
FNDA:0,(anonymous_2)
FNDA:0,(anonymous_3)
FNDA:0,(anonymous_4)
FNDA:0,(anonymous_5)
FNDA:0,(anonymous_6)
DA:1,1
DA:2,1
DA:9,1
DA:10,1
DA:11,1
DA:22,1
DA:23,1
DA:24,1
DA:25,1
DA:26,1
DA:29,1
DA:34,1
DA:37,1
DA:52,1
DA:60,1
DA:63,0
DA:65,0
DA:67,0
DA:68,0
DA:69,0
DA:87,1
DA:99,0
DA:100,0
DA:101,0
DA:102,0
DA:103,0
DA:104,0
DA:105,0
DA:106,0
DA:107,0
DA:109,0
DA:110,0
DA:111,0
DA:112,0
DA:113,0
DA:115,0
DA:116,0
DA:117,0
DA:120,0
DA:124,0
DA:126,0
DA:127,0
DA:131,0
DA:135,0
DA:137,0
DA:161,1
DA:164,0
DA:165,0
DA:168,0
DA:169,0
DA:171,0
DA:172,0
DA:173,0
DA:174,0
DA:176,0
DA:182,0
DA:202,1
DA:206,0
DA:207,0
DA:208,0
DA:227,1
DA:228,0
DA:229,0
DA:230,0
DA:232,0
DA:238,0
DA:248,1
DA:259,0
DA:260,0
DA:261,0
DA:267,0
DA:277,1
DA:280,0
DA:281,0
DA:282,0
DA:288,0
LF:76
LH:21
BRDA:101,0,0,0
BRDA:101,0,1,0
BRDA:102,1,0,0
BRDA:102,1,1,0
BRDA:103,2,0,0
BRDA:103,2,1,0
BRDA:104,3,0,0
BRDA:104,3,1,0
BRDA:105,4,0,0
BRDA:105,4,1,0
BRDA:107,5,0,0
BRDA:107,5,1,0
BRDA:110,6,0,0
BRDA:110,6,1,0
BRDA:115,7,0,0
BRDA:115,7,1,0
BRDA:124,8,0,0
BRDA:124,8,1,0
BRDA:168,9,0,0
BRDA:168,9,1,0
BRDA:169,10,0,0
BRDA:169,10,1,0
BRDA:174,11,0,0
BRDA:174,11,1,0
BRDA:230,12,0,0
BRDA:230,12,1,0
BRF:26
BRH:0
end_of_record
TN:
SF:src\datasources\db.datasource.ts
FN:26,(anonymous_0)
FNF:1
FNH:0
FNDA:0,(anonymous_0)
DA:1,1
DA:2,1
DA:4,1
DA:21,1
DA:23,1
DA:24,1
DA:30,0
LF:7
LH:6
BRDA:28,0,0,0
BRF:1
BRH:0
end_of_record
TN:
SF:src\datasources\index.ts
FNF:0
FNH:0
DA:1,1
LF:1
LH:1
BRF:0
BRH:0
end_of_record
TN:
SF:src\models\actor.model.ts
FN:46,(anonymous_0)
FN:43,(anonymous_1)
FN:43,(anonymous_2)
FNF:3
FNH:1
FNDA:0,(anonymous_0)
FNDA:1,(anonymous_1)
FNDA:0,(anonymous_2)
DA:1,1
DA:2,1
DA:3,1
DA:6,1
DA:12,1
DA:18,1
DA:24,1
DA:30,1
DA:36,1
DA:41,1
DA:43,1
DA:44,1
DA:47,0
LF:13
LH:12
BRF:0
BRH:0
end_of_record
TN:
SF:src\models\index.ts
FNF:0
FNH:0
DA:1,1
DA:2,1
DA:3,1
DA:4,1
DA:5,1
DA:6,1
LF:6
LH:6
BRF:0
BRH:0
end_of_record
TN:
SF:src\models\movie-actor.model.ts
FN:24,(anonymous_0)
FNF:1
FNH:0
FNDA:0,(anonymous_0)
DA:1,1
DA:4,1
DA:10,1
DA:16,1
DA:22,1
DA:25,0
LF:6
LH:5
BRF:0
BRH:0
end_of_record
TN:
SF:src\models\movie.model.ts
FN:57,(anonymous_0)
FN:51,(anonymous_1)
FN:54,(anonymous_2)
FN:54,(anonymous_3)
FNF:4
FNH:2
FNDA:0,(anonymous_0)
FNDA:1,(anonymous_1)
FNDA:1,(anonymous_2)
FNDA:0,(anonymous_3)
DA:1,1
DA:2,1
DA:3,1
DA:4,1
DA:7,1
DA:13,1
DA:19,1
DA:25,1
DA:31,1
DA:37,1
DA:43,1
DA:49,1
DA:51,1
DA:52,1
DA:54,1
DA:55,1
DA:58,0
LF:17
LH:16
BRF:0
BRH:0
end_of_record
TN:
SF:src\models\review.model.ts
FN:44,(anonymous_0)
FN:26,(anonymous_1)
FN:41,(anonymous_2)
FNF:3
FNH:2
FNDA:3,(anonymous_0)
FNDA:0,(anonymous_1)
FNDA:1,(anonymous_2)
DA:1,1
DA:2,1
DA:5,1
DA:11,1
DA:16,1
DA:22,1
DA:26,0
DA:28,1
DA:34,1
DA:39,1
DA:41,1
DA:42,1
DA:45,3
LF:13
LH:12
BRF:0
BRH:0
end_of_record
TN:
SF:src\models\user-credentials.model.ts
FN:24,(anonymous_0)
FNF:1
FNH:0
FNDA:0,(anonymous_0)
DA:1,1
DA:4,1
DA:10,1
DA:16,1
DA:22,1
DA:25,0
LF:6
LH:5
BRF:0
BRH:0
end_of_record
TN:
SF:src\models\user.model.ts
FN:57,(anonymous_0)
FN:60,(anonymous_1)
FNF:2
FNH:2
FNDA:1,(anonymous_0)
FNDA:1,(anonymous_1)
DA:1,1
DA:2,1
DA:3,1
DA:6,1
DA:12,1
DA:18,1
DA:24,1
DA:31,1
DA:37,1
DA:43,1
DA:48,1
DA:55,1
DA:57,1
DA:58,1
DA:60,1
DA:61,1
LF:16
LH:16
BRF:0
BRH:0
end_of_record
TN:
SF:src\repositories\actor.repository.ts
FN:24,(anonymous_0)
FNF:1
FNH:0
FNDA:0,(anonymous_0)
DA:1,1
DA:2,1
DA:7,1
DA:8,1
DA:12,1
DA:27,0
DA:29,0
DA:31,0
DA:32,0
DA:37,0
LF:10
LH:5
BRF:0
BRH:0
end_of_record
TN:
SF:src\repositories\index.ts
FNF:0
FNH:0
DA:1,1
DA:2,1
DA:3,1
DA:4,1
DA:5,1
DA:6,1
LF:6
LH:6
BRF:0
BRH:0
end_of_record
TN:
SF:src\repositories\movie-actor.repository.ts
FN:11,(anonymous_0)
FNF:1
FNH:0
FNDA:0,(anonymous_0)
DA:1,1
DA:2,1
DA:3,1
DA:4,1
DA:6,1
DA:14,0
LF:6
LH:5
BRF:0
BRH:0
end_of_record
TN:
SF:src\repositories\movie.repository.ts
FN:31,(anonymous_0)
FNF:1
FNH:0
FNDA:0,(anonymous_0)
DA:1,1
DA:2,1
DA:8,1
DA:9,1
DA:14,1
DA:34,0
DA:36,0
DA:38,0
DA:40,0
DA:41,0
DA:46,0
DA:47,0
DA:51,0
LF:13
LH:5
BRF:0
BRH:0
end_of_record
TN:
SF:src\repositories\review.repository.ts
FN:15,(anonymous_0)
FNF:1
FNH:0
FNDA:0,(anonymous_0)
DA:1,1
DA:2,1
DA:3,1
DA:4,1
DA:7,1
DA:15,0
DA:16,0
DA:17,0
DA:18,0
LF:9
LH:5
BRF:0
BRH:0
end_of_record
TN:
SF:src\repositories\user-credentials.repository.ts
FN:11,(anonymous_0)
FNF:1
FNH:0
FNDA:0,(anonymous_0)
DA:1,1
DA:2,1
DA:3,1
DA:4,1
DA:6,1
DA:14,0
LF:6
LH:5
BRF:0
BRH:0
end_of_record
TN:
SF:src\repositories\user.repository.ts
FN:21,(anonymous_0)
FN:36,(anonymous_1)
FN:41,(anonymous_2)
FNF:3
FNH:0
FNDA:0,(anonymous_0)
FNDA:0,(anonymous_1)
FNDA:0,(anonymous_2)
DA:1,1
DA:2,1
DA:7,1
DA:8,1
DA:11,1
DA:24,0
DA:26,0
DA:27,0
DA:31,0
DA:39,0
DA:42,0
DA:43,0
LF:12
LH:5
BRDA:42,0,0,0
BRDA:42,0,1,0
BRF:2
BRH:0
end_of_record
TN:
SF:src\services\helpers.ts
FN:7,(anonymous_0)
FNF:1
FNH:1
FNDA:1,(anonymous_0)
DA:7,1
DA:8,1
DA:9,0
DA:10,1
LF:4
LH:3
BRDA:8,0,0,0
BRDA:8,0,1,1
BRDA:8,1,0,1
BRDA:8,1,1,1
BRDA:8,2,0,0
BRDA:8,2,1,1
BRDA:8,3,0,1
BRDA:8,3,1,1
BRF:8
BRH:6
end_of_record
TN:
SF:src\services\user.service.ts
FN:23,(anonymous_0)
FN:27,(anonymous_1)
FN:56,(anonymous_2)
FN:67,(anonymous_3)
FNF:4
FNH:0
FNDA:0,(anonymous_0)
FNDA:0,(anonymous_1)
FNDA:0,(anonymous_2)
FNDA:0,(anonymous_3)
DA:7,1
DA:8,1
DA:9,1
DA:10,1
DA:12,1
DA:22,1
DA:24,0
DA:28,0
DA:30,0
DA:33,0
DA:34,0
DA:37,0
DA:40,0
DA:41,0
DA:44,0
DA:49,0
DA:50,0
DA:53,0
DA:57,0
DA:68,0
DA:69,0
DA:73,0
DA:74,0
DA:76,0
LF:24
LH:6
BRDA:33,0,0,0
BRDA:33,0,1,0
BRDA:40,1,0,0
BRDA:40,1,1,0
BRDA:49,2,0,0
BRDA:49,2,1,0
BRDA:73,3,0,0
BRDA:73,3,1,0
BRF:8
BRH:0
end_of_record
